--------------- Clean Started: 08/31/2020 15:18:09 Project: SeatPM_Project, Configuration: ARM GCC 5.4-2016-q2-update Debug ---------------
Deleting file ".\CortexM0\ARM_GCC_541\Debug\main.o"
Deleting file ".\CortexM0\ARM_GCC_541\Debug\acceleration_vector.o"
Deleting file ".\CortexM0\ARM_GCC_541\Debug\accelerometer.o"
Deleting file ".\CortexM0\ARM_GCC_541\Debug\adxl345.o"
Deleting file ".\CortexM0\ARM_GCC_541\Debug\moving_average_filter.o"
Deleting file ".\CortexM0\ARM_GCC_541\Debug\goniometer.o"
Deleting file ".\CortexM0\ARM_GCC_541\Debug\emergency_stop.o"
Deleting file ".\CortexM0\ARM_GCC_541\Debug\motor.o"
Deleting file ".\CortexM0\ARM_GCC_541\Debug\runtime.o"
Deleting file ".\CortexM0\ARM_GCC_541\Debug\user_interface_buttons.o"
Deleting file ".\CortexM0\ARM_GCC_541\Debug\user_interface.o"
Deleting file ".\CortexM0\ARM_GCC_541\Debug\parameter.o"
Deleting file ".\CortexM0\ARM_GCC_541\Debug\cyfitter_cfg.o"
Deleting file ".\CortexM0\ARM_GCC_541\Debug\cymetadata.o"
Deleting file ".\CortexM0\ARM_GCC_541\Debug\I2C.o"
Deleting file ".\CortexM0\ARM_GCC_541\Debug\I2C_I2C_INT.o"
Deleting file ".\CortexM0\ARM_GCC_541\Debug\I2C_I2C.o"
Deleting file ".\CortexM0\ARM_GCC_541\Debug\I2C_I2C_BOOT.o"
Deleting file ".\CortexM0\ARM_GCC_541\Debug\I2C_I2C_MASTER.o"
Deleting file ".\CortexM0\ARM_GCC_541\Debug\I2C_PM.o"
Deleting file ".\CortexM0\ARM_GCC_541\Debug\I2C_BOOT.o"
Deleting file ".\CortexM0\ARM_GCC_541\Debug\PuTTY.o"
Deleting file ".\CortexM0\ARM_GCC_541\Debug\PuTTY_AsmGnu.o"
Deleting file ".\CortexM0\ARM_GCC_541\Debug\Button_Decrement_ISR.o"
Deleting file ".\CortexM0\ARM_GCC_541\Debug\Button_Increment_ISR.o"
Deleting file ".\CortexM0\ARM_GCC_541\Debug\Button_Back_ISR.o"
Deleting file ".\CortexM0\ARM_GCC_541\Debug\Button_Confirm_ISR.o"
Deleting file ".\CortexM0\ARM_GCC_541\Debug\Button_Decrement.o"
Deleting file ".\CortexM0\ARM_GCC_541\Debug\Button_Decrement_PM.o"
Deleting file ".\CortexM0\ARM_GCC_541\Debug\Button_Increment.o"
Deleting file ".\CortexM0\ARM_GCC_541\Debug\Button_Increment_PM.o"
Deleting file ".\CortexM0\ARM_GCC_541\Debug\Button_Back.o"
Deleting file ".\CortexM0\ARM_GCC_541\Debug\Button_Back_PM.o"
Deleting file ".\CortexM0\ARM_GCC_541\Debug\Button_Confirm.o"
Deleting file ".\CortexM0\ARM_GCC_541\Debug\Button_Confirm_PM.o"
Deleting file ".\CortexM0\ARM_GCC_541\Debug\Screen.o"
Deleting file ".\CortexM0\ARM_GCC_541\Debug\Screen_PM.o"
Deleting file ".\CortexM0\ARM_GCC_541\Debug\Clock_100Hz.o"
Deleting file ".\CortexM0\ARM_GCC_541\Debug\Motor_Clock.o"
Deleting file ".\CortexM0\ARM_GCC_541\Debug\Motor_PWM.o"
Deleting file ".\CortexM0\ARM_GCC_541\Debug\Motor_PWM_PM.o"
Deleting file ".\CortexM0\ARM_GCC_541\Debug\I2C_SCBCLK.o"
Deleting file ".\CortexM0\ARM_GCC_541\Debug\I2C_sda.o"
Deleting file ".\CortexM0\ARM_GCC_541\Debug\I2C_sda_PM.o"
Deleting file ".\CortexM0\ARM_GCC_541\Debug\I2C_scl.o"
Deleting file ".\CortexM0\ARM_GCC_541\Debug\I2C_scl_PM.o"
Deleting file ".\CortexM0\ARM_GCC_541\Debug\I2C_SCB_IRQ.o"
Deleting file ".\CortexM0\ARM_GCC_541\Debug\Screen_LCDPort.o"
Deleting file ".\CortexM0\ARM_GCC_541\Debug\Screen_LCDPort_PM.o"
Deleting file ".\CortexM0\ARM_GCC_541\Debug\cy_em_eeprom.o"
Deleting file ".\CortexM0\ARM_GCC_541\Debug\Cm0Start.o"
Deleting file ".\CortexM0\ARM_GCC_541\Debug\CyFlash.o"
Deleting file ".\CortexM0\ARM_GCC_541\Debug\CyLib.o"
Deleting file ".\CortexM0\ARM_GCC_541\Debug\cyPm.o"
Deleting file ".\CortexM0\ARM_GCC_541\Debug\cyutils.o"
Deleting file ".\CortexM0\ARM_GCC_541\Debug\CyBootAsmGnu.o"
Deleting file ".\CortexM0\ARM_GCC_541\Debug\CyLFClk.o"
Deleting file ".\CortexM0\ARM_GCC_541\Debug\CPM_Runtime_Timer.o"
Deleting file ".\CortexM0\ARM_GCC_541\Debug\CPM_Runtime_Timer_PM.o"
Deleting file ".\CortexM0\ARM_GCC_541\Debug\CPM_Runtime_Timer_Interrupt.o"
Deleting file ".\CortexM0\ARM_GCC_541\Debug\Potentiometer_ADC.o"
Deleting file ".\CortexM0\ARM_GCC_541\Debug\Potentiometer_ADC_PM.o"
Deleting file ".\CortexM0\ARM_GCC_541\Debug\Potentiometer_ADC_INT.o"
Deleting file ".\CortexM0\ARM_GCC_541\Debug\Motor_Direction.o"
Deleting file ".\CortexM0\ARM_GCC_541\Debug\Motor_Direction_PM.o"
Deleting file ".\CortexM0\ARM_GCC_541\Debug\Motor_OutputB.o"
Deleting file ".\CortexM0\ARM_GCC_541\Debug\Motor_OutputB_PM.o"
Deleting file ".\CortexM0\ARM_GCC_541\Debug\Motor_OutputA.o"
Deleting file ".\CortexM0\ARM_GCC_541\Debug\Motor_OutputA_PM.o"
Deleting file ".\CortexM0\ARM_GCC_541\Debug\Potentiometer_Input.o"
Deleting file ".\CortexM0\ARM_GCC_541\Debug\Potentiometer_Input_PM.o"
Deleting file ".\CortexM0\ARM_GCC_541\Debug\Potentiometer_ADC_IRQ.o"
Deleting file ".\CortexM0\ARM_GCC_541\Debug\Potentiometer_ADC_intClock.o"
Deleting file ".\CortexM0\ARM_GCC_541\Debug\Button_EmergencyStop_Left.o"
Deleting file ".\CortexM0\ARM_GCC_541\Debug\Button_EmergencyStop_Left_PM.o"
Deleting file ".\CortexM0\ARM_GCC_541\Debug\Button_EmergencyStop_Right_Interrupt.o"
Deleting file ".\CortexM0\ARM_GCC_541\Debug\Button_EmergencyStop_Right.o"
Deleting file ".\CortexM0\ARM_GCC_541\Debug\Button_EmergencyStop_Right_PM.o"
Deleting file ".\CortexM0\ARM_GCC_541\Debug\Button_EmergencyStop_Left_Interrupt.o"
Deleting file ".\CortexM0\ARM_GCC_541\Debug\SeatPM_Project.hex"
Deleting file ".\CortexM0\ARM_GCC_541\Debug\SeatPM_Project.elf"
Deleting file ".\CortexM0\ARM_GCC_541\Debug\SeatPM_Project.map"
Deleting file ".\SeatPM_Project.cycdx"
Deleting file ".\SeatPM_Project.svd"
Deleting file ".\SeatPM_Project.rpt"
Deleting file ".\SeatPM_Project_timing.html"
Deleting file ".\CortexM0\ARM_GCC_541\Debug\.deps\SOURCE_C__ARM_GCC_GENERIC.P"
Deleting file ".\CortexM0\ARM_GCC_541\Debug\.deps\SOURCE_ASM__ARM_GCC_GENERIC.P"
--------------- Clean Succeeded: 08/31/2020 15:18:09 ---------------
