--------------- Rebuild Started: 05/29/2020 09:26:05 Project: SeatPM_Project, Configuration: ARM GCC 5.4-2016-q2-update Debug ---------------
Deleting file ".\CortexM0\ARM_GCC_541\Debug\main.o"
Deleting file ".\CortexM0\ARM_GCC_541\Debug\adxl345_driver.o"
Deleting file ".\CortexM0\ARM_GCC_541\Debug\moving_average_filter.o"
Deleting file ".\CortexM0\ARM_GCC_541\Debug\acceleration_vector.o"
Deleting file ".\CortexM0\ARM_GCC_541\Debug\accelerometer_driver.o"
Deleting file ".\CortexM0\ARM_GCC_541\Debug\goniometer_driver.o"
Deleting file ".\CortexM0\ARM_GCC_541\Debug\user_interface_buttons.o"
Deleting file ".\CortexM0\ARM_GCC_541\Debug\user_interface_fsm.o"
Deleting file ".\CortexM0\ARM_GCC_541\Debug\austin_parameter.o"
Deleting file ".\CortexM0\ARM_GCC_541\Debug\cyfitter_cfg.o"
Deleting file ".\CortexM0\ARM_GCC_541\Debug\cybootloader.o"
Deleting file ".\CortexM0\ARM_GCC_541\Debug\cymetadata.o"
Deleting file ".\CortexM0\ARM_GCC_541\Debug\Bootloadable.o"
Deleting file ".\CortexM0\ARM_GCC_541\Debug\I2C.o"
Deleting file ".\CortexM0\ARM_GCC_541\Debug\I2C_I2C_INT.o"
Deleting file ".\CortexM0\ARM_GCC_541\Debug\I2C_I2C.o"
Deleting file ".\CortexM0\ARM_GCC_541\Debug\I2C_I2C_BOOT.o"
Deleting file ".\CortexM0\ARM_GCC_541\Debug\I2C_I2C_MASTER.o"
Deleting file ".\CortexM0\ARM_GCC_541\Debug\I2C_PM.o"
Deleting file ".\CortexM0\ARM_GCC_541\Debug\I2C_BOOT.o"
Deleting file ".\CortexM0\ARM_GCC_541\Debug\PuTTY.o"
Deleting file ".\CortexM0\ARM_GCC_541\Debug\PuTTY_SPI_UART.o"
Deleting file ".\CortexM0\ARM_GCC_541\Debug\PuTTY_SPI_UART_INT.o"
Deleting file ".\CortexM0\ARM_GCC_541\Debug\PuTTY_PM.o"
Deleting file ".\CortexM0\ARM_GCC_541\Debug\PuTTY_UART.o"
Deleting file ".\CortexM0\ARM_GCC_541\Debug\PuTTY_BOOT.o"
Deleting file ".\CortexM0\ARM_GCC_541\Debug\PuTTY_UART_BOOT.o"
Deleting file ".\CortexM0\ARM_GCC_541\Debug\Button_Decrement_ISR.o"
Deleting file ".\CortexM0\ARM_GCC_541\Debug\Button_Increment_ISR.o"
Deleting file ".\CortexM0\ARM_GCC_541\Debug\Button_Back_ISR.o"
Deleting file ".\CortexM0\ARM_GCC_541\Debug\Button_Confirm_ISR.o"
Deleting file ".\CortexM0\ARM_GCC_541\Debug\Button_Decrement.o"
Deleting file ".\CortexM0\ARM_GCC_541\Debug\Button_Decrement_PM.o"
Deleting file ".\CortexM0\ARM_GCC_541\Debug\Button_Increment.o"
Deleting file ".\CortexM0\ARM_GCC_541\Debug\Button_Increment_PM.o"
Deleting file ".\CortexM0\ARM_GCC_541\Debug\Button_Back.o"
Deleting file ".\CortexM0\ARM_GCC_541\Debug\Button_Back_PM.o"
Deleting file ".\CortexM0\ARM_GCC_541\Debug\Button_Confirm.o"
Deleting file ".\CortexM0\ARM_GCC_541\Debug\Button_Confirm_PM.o"
Deleting file ".\CortexM0\ARM_GCC_541\Debug\Screen.o"
Deleting file ".\CortexM0\ARM_GCC_541\Debug\Screen_PM.o"
Deleting file ".\CortexM0\ARM_GCC_541\Debug\Clock_100Hz.o"
Deleting file ".\CortexM0\ARM_GCC_541\Debug\I2C_SCBCLK.o"
Deleting file ".\CortexM0\ARM_GCC_541\Debug\I2C_sda.o"
Deleting file ".\CortexM0\ARM_GCC_541\Debug\I2C_sda_PM.o"
Deleting file ".\CortexM0\ARM_GCC_541\Debug\I2C_scl.o"
Deleting file ".\CortexM0\ARM_GCC_541\Debug\I2C_scl_PM.o"
Deleting file ".\CortexM0\ARM_GCC_541\Debug\I2C_SCB_IRQ.o"
Deleting file ".\CortexM0\ARM_GCC_541\Debug\PuTTY_SCBCLK.o"
Deleting file ".\CortexM0\ARM_GCC_541\Debug\PuTTY_tx.o"
Deleting file ".\CortexM0\ARM_GCC_541\Debug\PuTTY_tx_PM.o"
Deleting file ".\CortexM0\ARM_GCC_541\Debug\PuTTY_SCB_IRQ.o"
Deleting file ".\CortexM0\ARM_GCC_541\Debug\Screen_LCDPort.o"
Deleting file ".\CortexM0\ARM_GCC_541\Debug\Screen_LCDPort_PM.o"
Deleting file ".\CortexM0\ARM_GCC_541\Debug\cy_em_eeprom.o"
Deleting file ".\CortexM0\ARM_GCC_541\Debug\Cm0Start.o"
Deleting file ".\CortexM0\ARM_GCC_541\Debug\CyFlash.o"
Deleting file ".\CortexM0\ARM_GCC_541\Debug\CyLib.o"
Deleting file ".\CortexM0\ARM_GCC_541\Debug\cyPm.o"
Deleting file ".\CortexM0\ARM_GCC_541\Debug\cyutils.o"
Deleting file ".\CortexM0\ARM_GCC_541\Debug\CyBootAsmGnu.o"
Deleting file ".\CortexM0\ARM_GCC_541\Debug\CyLFClk.o"
Deleting file ".\CortexM0\ARM_GCC_541\Debug\Reset_Clock.o"
Deleting file ".\CortexM0\ARM_GCC_541\Debug\SW1.o"
Deleting file ".\CortexM0\ARM_GCC_541\Debug\SW1_PM.o"
Deleting file ".\CortexM0\ARM_GCC_541\Debug\Reset_Interrupt.o"
Deleting file ".\CortexM0\ARM_GCC_541\Debug\Reset_Timer.o"
Deleting file ".\CortexM0\ARM_GCC_541\Debug\Reset_Timer_PM.o"
Deleting file ".\CortexM0\ARM_GCC_541\Debug\LED1.o"
Deleting file ".\CortexM0\ARM_GCC_541\Debug\LED1_PM.o"
Deleting file ".\CortexM0\ARM_GCC_541\Debug\SeatPM_Project.hex"
Deleting file ".\CortexM0\ARM_GCC_541\Debug\SeatPM_Project.elf"
Deleting file ".\CortexM0\ARM_GCC_541\Debug\SeatPM_Project.map"
Deleting file ".\CortexM0\ARM_GCC_541\Debug\SeatPM_Project.cyacd"
Deleting file ".\SeatPM_Project.cycdx"
Deleting file ".\SeatPM_Project.svd"
Deleting file ".\SeatPM_Project.rpt"
Deleting file ".\SeatPM_Project_timing.html"
Deleting file ".\CortexM0\ARM_GCC_541\Debug\.deps\SOURCE_C__ARM_GCC_GENERIC.P"
Deleting file ".\CortexM0\ARM_GCC_541\Debug\.deps\SOURCE_ASM__ARM_GCC_GENERIC.P"
cydsfit.exe -.appdatapath "C:\Users\austi\AppData\Local\Cypress Semiconductor\PSoC Creator\4.2" -.fdsnotice -.fdswarpdepfile=warp_dependencies.txt -.fdselabdepfile=elab_dependencies.txt -.fdsbldfile=generated_files.txt -.fdsreffile=referenced_files.txt -p C:\Users\austi\Desktop\SeatPM\SeatPM_Workspace_Folder\SeatPM_Project.cydsn\SeatPM_Project.cyprj -d CY8C4245AXI-483 -s C:\Users\austi\Desktop\SeatPM\SeatPM_Workspace_Folder\SeatPM_Project.cydsn\Generated_Source\PSoC4 -- -yv2 -q10 -ygs -o2 -v3 -.fftcfgtype=LE
Elaborating Design...
ADD: fit.M0015: information: One or more rows of flash have been configured to be protected; however, debugging has been enabled in the System DWR Editor. This means that while write restrictions are honored flash rows can still be read via SWD or JTAG. To prevent any ability to read the flash rows, disable debugging in the System DWR Editor.
 * C:\Users\austi\Desktop\SeatPM\SeatPM_Workspace_Folder\SeatPM_Project.cydsn\SeatPM_Project.cydwr (Chip Protection)
HDL Generation...
Synthesis...
Tech Mapping...
ADD: pft.M0040: information: The following 1 pin(s) will be assigned a location by the fitter: Button_Confirm(0)
Analog Placement...
Analog Routing...
Analog Code Generation...
Digital Placement...
Digital Routing...
Bitstream Generation...
Bitstream Verification...
Static timing analysis...
API Generation...
Dependency Generation...
Cleanup...
arm-none-eabi-gcc.exe -mcpu=cortex-m0 -mthumb -I.\Austins_Component_Drivers -I.\Austins_Component_Drivers\Goniometer -I.\Austins_Component_Drivers\Goniometer\Acceleration_Vector -I.\Austins_Component_Drivers\Goniometer\ADXL345 -I.\Austins_Component_Drivers\Goniometer\Moving_Average_Filter -I.\Austins_Component_Drivers\User_Interface -I.\Austins_Component_Drivers\User_Interface\Finite_State_Machine -I.\Austins_Component_Drivers\User_Interface\UI_Buttons -I.\Austins_Component_Drivers\Goniometer\Accelerometer -I.\Austin_Parameter -I. -IGenerated_Source\PSoC4 -Wa,-alh=.\CortexM0\ARM_GCC_541\Debug/main.lst -g -D DEBUG -D CY_CORE_ID=0 -Wall -ffunction-sections -ffat-lto-objects -Os -c main.c -o .\CortexM0\ARM_GCC_541\Debug\main.o
arm-none-eabi-gcc.exe -mcpu=cortex-m0 -mthumb -I.\Austins_Component_Drivers -I.\Austins_Component_Drivers\Goniometer -I.\Austins_Component_Drivers\Goniometer\Acceleration_Vector -I.\Austins_Component_Drivers\Goniometer\ADXL345 -I.\Austins_Component_Drivers\Goniometer\Moving_Average_Filter -I.\Austins_Component_Drivers\User_Interface -I.\Austins_Component_Drivers\User_Interface\Finite_State_Machine -I.\Austins_Component_Drivers\User_Interface\UI_Buttons -I.\Austins_Component_Drivers\Goniometer\Accelerometer -I.\Austin_Parameter -I. -IGenerated_Source\PSoC4 -Wa,-alh=.\CortexM0\ARM_GCC_541\Debug/adxl345_driver.lst -g -D DEBUG -D CY_CORE_ID=0 -Wall -ffunction-sections -ffat-lto-objects -Os -c Austins_Component_Drivers\Goniometer\ADXL345\adxl345_driver.c -o .\CortexM0\ARM_GCC_541\Debug\adxl345_driver.o
arm-none-eabi-gcc.exe -mcpu=cortex-m0 -mthumb -I.\Austins_Component_Drivers -I.\Austins_Component_Drivers\Goniometer -I.\Austins_Component_Drivers\Goniometer\Acceleration_Vector -I.\Austins_Component_Drivers\Goniometer\ADXL345 -I.\Austins_Component_Drivers\Goniometer\Moving_Average_Filter -I.\Austins_Component_Drivers\User_Interface -I.\Austins_Component_Drivers\User_Interface\Finite_State_Machine -I.\Austins_Component_Drivers\User_Interface\UI_Buttons -I.\Austins_Component_Drivers\Goniometer\Accelerometer -I.\Austin_Parameter -I. -IGenerated_Source\PSoC4 -Wa,-alh=.\CortexM0\ARM_GCC_541\Debug/moving_average_filter.lst -g -D DEBUG -D CY_CORE_ID=0 -Wall -ffunction-sections -ffat-lto-objects -Os -c Austins_Component_Drivers\Goniometer\Moving_Average_Filter\moving_average_filter.c -o .\CortexM0\ARM_GCC_541\Debug\moving_average_filter.o
arm-none-eabi-gcc.exe -mcpu=cortex-m0 -mthumb -I.\Austins_Component_Drivers -I.\Austins_Component_Drivers\Goniometer -I.\Austins_Component_Drivers\Goniometer\Acceleration_Vector -I.\Austins_Component_Drivers\Goniometer\ADXL345 -I.\Austins_Component_Drivers\Goniometer\Moving_Average_Filter -I.\Austins_Component_Drivers\User_Interface -I.\Austins_Component_Drivers\User_Interface\Finite_State_Machine -I.\Austins_Component_Drivers\User_Interface\UI_Buttons -I.\Austins_Component_Drivers\Goniometer\Accelerometer -I.\Austin_Parameter -I. -IGenerated_Source\PSoC4 -Wa,-alh=.\CortexM0\ARM_GCC_541\Debug/acceleration_vector.lst -g -D DEBUG -D CY_CORE_ID=0 -Wall -ffunction-sections -ffat-lto-objects -Os -c Austins_Component_Drivers\Goniometer\Acceleration_Vector\acceleration_vector.c -o .\CortexM0\ARM_GCC_541\Debug\acceleration_vector.o
arm-none-eabi-gcc.exe -mcpu=cortex-m0 -mthumb -I.\Austins_Component_Drivers -I.\Austins_Component_Drivers\Goniometer -I.\Austins_Component_Drivers\Goniometer\Acceleration_Vector -I.\Austins_Component_Drivers\Goniometer\ADXL345 -I.\Austins_Component_Drivers\Goniometer\Moving_Average_Filter -I.\Austins_Component_Drivers\User_Interface -I.\Austins_Component_Drivers\User_Interface\Finite_State_Machine -I.\Austins_Component_Drivers\User_Interface\UI_Buttons -I.\Austins_Component_Drivers\Goniometer\Accelerometer -I.\Austin_Parameter -I. -IGenerated_Source\PSoC4 -Wa,-alh=.\CortexM0\ARM_GCC_541\Debug/accelerometer_driver.lst -g -D DEBUG -D CY_CORE_ID=0 -Wall -ffunction-sections -ffat-lto-objects -Os -c Austins_Component_Drivers\Goniometer\Accelerometer\accelerometer_driver.c -o .\CortexM0\ARM_GCC_541\Debug\accelerometer_driver.o
arm-none-eabi-gcc.exe -mcpu=cortex-m0 -mthumb -I.\Austins_Component_Drivers -I.\Austins_Component_Drivers\Goniometer -I.\Austins_Component_Drivers\Goniometer\Acceleration_Vector -I.\Austins_Component_Drivers\Goniometer\ADXL345 -I.\Austins_Component_Drivers\Goniometer\Moving_Average_Filter -I.\Austins_Component_Drivers\User_Interface -I.\Austins_Component_Drivers\User_Interface\Finite_State_Machine -I.\Austins_Component_Drivers\User_Interface\UI_Buttons -I.\Austins_Component_Drivers\Goniometer\Accelerometer -I.\Austin_Parameter -I. -IGenerated_Source\PSoC4 -Wa,-alh=.\CortexM0\ARM_GCC_541\Debug/goniometer_driver.lst -g -D DEBUG -D CY_CORE_ID=0 -Wall -ffunction-sections -ffat-lto-objects -Os -c Austins_Component_Drivers\Goniometer\goniometer_driver.c -o .\CortexM0\ARM_GCC_541\Debug\goniometer_driver.o
arm-none-eabi-gcc.exe -mcpu=cortex-m0 -mthumb -I.\Austins_Component_Drivers -I.\Austins_Component_Drivers\Goniometer -I.\Austins_Component_Drivers\Goniometer\Acceleration_Vector -I.\Austins_Component_Drivers\Goniometer\ADXL345 -I.\Austins_Component_Drivers\Goniometer\Moving_Average_Filter -I.\Austins_Component_Drivers\User_Interface -I.\Austins_Component_Drivers\User_Interface\Finite_State_Machine -I.\Austins_Component_Drivers\User_Interface\UI_Buttons -I.\Austins_Component_Drivers\Goniometer\Accelerometer -I.\Austin_Parameter -I. -IGenerated_Source\PSoC4 -Wa,-alh=.\CortexM0\ARM_GCC_541\Debug/user_interface_buttons.lst -g -D DEBUG -D CY_CORE_ID=0 -Wall -ffunction-sections -ffat-lto-objects -Os -c Austins_Component_Drivers\User_Interface\UI_Buttons\user_interface_buttons.c -o .\CortexM0\ARM_GCC_541\Debug\user_interface_buttons.o
arm-none-eabi-gcc.exe -mcpu=cortex-m0 -mthumb -I.\Austins_Component_Drivers -I.\Austins_Component_Drivers\Goniometer -I.\Austins_Component_Drivers\Goniometer\Acceleration_Vector -I.\Austins_Component_Drivers\Goniometer\ADXL345 -I.\Austins_Component_Drivers\Goniometer\Moving_Average_Filter -I.\Austins_Component_Drivers\User_Interface -I.\Austins_Component_Drivers\User_Interface\Finite_State_Machine -I.\Austins_Component_Drivers\User_Interface\UI_Buttons -I.\Austins_Component_Drivers\Goniometer\Accelerometer -I.\Austin_Parameter -I. -IGenerated_Source\PSoC4 -Wa,-alh=.\CortexM0\ARM_GCC_541\Debug/user_interface_fsm.lst -g -D DEBUG -D CY_CORE_ID=0 -Wall -ffunction-sections -ffat-lto-objects -Os -c Austins_Component_Drivers\User_Interface\user_interface_fsm.c -o .\CortexM0\ARM_GCC_541\Debug\user_interface_fsm.o
Austins_Component_Drivers\User_Interface\user_interface_fsm.c: In function 'UI_FSM_GoniometerReadingCheck_State':
Austins_Component_Drivers\User_Interface\user_interface_fsm.c:327:33: warning: comparison of distinct pointer types lacks a cast
     if (me->Parent.currentState == &UI_FSM_GoniometerReadingCheck_State)
                                 ^
Austins_Component_Drivers\User_Interface\user_interface_fsm.c: In function 'UI_FSM_ContinuousPassiveMotion_State':
Austins_Component_Drivers\User_Interface\user_interface_fsm.c:492:33: warning: comparison of distinct pointer types lacks a cast
     if (me->Parent.currentState == &UI_FSM_ContinuousPassiveMotion_State)
                                 ^
arm-none-eabi-gcc.exe -mcpu=cortex-m0 -mthumb -I.\Austins_Component_Drivers -I.\Austins_Component_Drivers\Goniometer -I.\Austins_Component_Drivers\Goniometer\Acceleration_Vector -I.\Austins_Component_Drivers\Goniometer\ADXL345 -I.\Austins_Component_Drivers\Goniometer\Moving_Average_Filter -I.\Austins_Component_Drivers\User_Interface -I.\Austins_Component_Drivers\User_Interface\Finite_State_Machine -I.\Austins_Component_Drivers\User_Interface\UI_Buttons -I.\Austins_Component_Drivers\Goniometer\Accelerometer -I.\Austin_Parameter -I. -IGenerated_Source\PSoC4 -Wa,-alh=.\CortexM0\ARM_GCC_541\Debug/austin_parameter.lst -g -D DEBUG -D CY_CORE_ID=0 -Wall -ffunction-sections -ffat-lto-objects -Os -c Austin_Parameter\austin_parameter.c -o .\CortexM0\ARM_GCC_541\Debug\austin_parameter.o
arm-none-eabi-gcc.exe -mcpu=cortex-m0 -mthumb -I.\Austins_Component_Drivers -I.\Austins_Component_Drivers\Goniometer -I.\Austins_Component_Drivers\Goniometer\Acceleration_Vector -I.\Austins_Component_Drivers\Goniometer\ADXL345 -I.\Austins_Component_Drivers\Goniometer\Moving_Average_Filter -I.\Austins_Component_Drivers\User_Interface -I.\Austins_Component_Drivers\User_Interface\Finite_State_Machine -I.\Austins_Component_Drivers\User_Interface\UI_Buttons -I.\Austins_Component_Drivers\Goniometer\Accelerometer -I.\Austin_Parameter -I. -IGenerated_Source\PSoC4 -Wa,-alh=.\CortexM0\ARM_GCC_541\Debug/cyfitter_cfg.lst -g -D DEBUG -D CY_CORE_ID=0 -Wall -ffunction-sections -ffat-lto-objects -Os -c Generated_Source\PSoC4\cyfitter_cfg.c -o .\CortexM0\ARM_GCC_541\Debug\cyfitter_cfg.o
arm-none-eabi-gcc.exe -mcpu=cortex-m0 -mthumb -I.\Austins_Component_Drivers -I.\Austins_Component_Drivers\Goniometer -I.\Austins_Component_Drivers\Goniometer\Acceleration_Vector -I.\Austins_Component_Drivers\Goniometer\ADXL345 -I.\Austins_Component_Drivers\Goniometer\Moving_Average_Filter -I.\Austins_Component_Drivers\User_Interface -I.\Austins_Component_Drivers\User_Interface\Finite_State_Machine -I.\Austins_Component_Drivers\User_Interface\UI_Buttons -I.\Austins_Component_Drivers\Goniometer\Accelerometer -I.\Austin_Parameter -I. -IGenerated_Source\PSoC4 -Wa,-alh=.\CortexM0\ARM_GCC_541\Debug/cybootloader.lst -g -D DEBUG -D CY_CORE_ID=0 -Wall -ffunction-sections -ffat-lto-objects -Os -c Generated_Source\PSoC4\cybootloader.c -o .\CortexM0\ARM_GCC_541\Debug\cybootloader.o
arm-none-eabi-gcc.exe -mcpu=cortex-m0 -mthumb -I.\Austins_Component_Drivers -I.\Austins_Component_Drivers\Goniometer -I.\Austins_Component_Drivers\Goniometer\Acceleration_Vector -I.\Austins_Component_Drivers\Goniometer\ADXL345 -I.\Austins_Component_Drivers\Goniometer\Moving_Average_Filter -I.\Austins_Component_Drivers\User_Interface -I.\Austins_Component_Drivers\User_Interface\Finite_State_Machine -I.\Austins_Component_Drivers\User_Interface\UI_Buttons -I.\Austins_Component_Drivers\Goniometer\Accelerometer -I.\Austin_Parameter -I. -IGenerated_Source\PSoC4 -Wa,-alh=.\CortexM0\ARM_GCC_541\Debug/cymetadata.lst -g -D DEBUG -D CY_CORE_ID=0 -Wall -ffunction-sections -ffat-lto-objects -Os -c Generated_Source\PSoC4\cymetadata.c -o .\CortexM0\ARM_GCC_541\Debug\cymetadata.o
arm-none-eabi-gcc.exe -mcpu=cortex-m0 -mthumb -I.\Austins_Component_Drivers -I.\Austins_Component_Drivers\Goniometer -I.\Austins_Component_Drivers\Goniometer\Acceleration_Vector -I.\Austins_Component_Drivers\Goniometer\ADXL345 -I.\Austins_Component_Drivers\Goniometer\Moving_Average_Filter -I.\Austins_Component_Drivers\User_Interface -I.\Austins_Component_Drivers\User_Interface\Finite_State_Machine -I.\Austins_Component_Drivers\User_Interface\UI_Buttons -I.\Austins_Component_Drivers\Goniometer\Accelerometer -I.\Austin_Parameter -I. -IGenerated_Source\PSoC4 -Wa,-alh=.\CortexM0\ARM_GCC_541\Debug/Bootloadable.lst -g -D DEBUG -D CY_CORE_ID=0 -Wall -ffunction-sections -ffat-lto-objects -Os -c Generated_Source\PSoC4\Bootloadable.c -o .\CortexM0\ARM_GCC_541\Debug\Bootloadable.o
arm-none-eabi-gcc.exe -mcpu=cortex-m0 -mthumb -I.\Austins_Component_Drivers -I.\Austins_Component_Drivers\Goniometer -I.\Austins_Component_Drivers\Goniometer\Acceleration_Vector -I.\Austins_Component_Drivers\Goniometer\ADXL345 -I.\Austins_Component_Drivers\Goniometer\Moving_Average_Filter -I.\Austins_Component_Drivers\User_Interface -I.\Austins_Component_Drivers\User_Interface\Finite_State_Machine -I.\Austins_Component_Drivers\User_Interface\UI_Buttons -I.\Austins_Component_Drivers\Goniometer\Accelerometer -I.\Austin_Parameter -I. -IGenerated_Source\PSoC4 -Wa,-alh=.\CortexM0\ARM_GCC_541\Debug/I2C.lst -g -D DEBUG -D CY_CORE_ID=0 -Wall -ffunction-sections -ffat-lto-objects -Os -c Generated_Source\PSoC4\I2C.c -o .\CortexM0\ARM_GCC_541\Debug\I2C.o
arm-none-eabi-gcc.exe -mcpu=cortex-m0 -mthumb -I.\Austins_Component_Drivers -I.\Austins_Component_Drivers\Goniometer -I.\Austins_Component_Drivers\Goniometer\Acceleration_Vector -I.\Austins_Component_Drivers\Goniometer\ADXL345 -I.\Austins_Component_Drivers\Goniometer\Moving_Average_Filter -I.\Austins_Component_Drivers\User_Interface -I.\Austins_Component_Drivers\User_Interface\Finite_State_Machine -I.\Austins_Component_Drivers\User_Interface\UI_Buttons -I.\Austins_Component_Drivers\Goniometer\Accelerometer -I.\Austin_Parameter -I. -IGenerated_Source\PSoC4 -Wa,-alh=.\CortexM0\ARM_GCC_541\Debug/I2C_I2C_INT.lst -g -D DEBUG -D CY_CORE_ID=0 -Wall -ffunction-sections -ffat-lto-objects -Os -c Generated_Source\PSoC4\I2C_I2C_INT.c -o .\CortexM0\ARM_GCC_541\Debug\I2C_I2C_INT.o
arm-none-eabi-gcc.exe -mcpu=cortex-m0 -mthumb -I.\Austins_Component_Drivers -I.\Austins_Component_Drivers\Goniometer -I.\Austins_Component_Drivers\Goniometer\Acceleration_Vector -I.\Austins_Component_Drivers\Goniometer\ADXL345 -I.\Austins_Component_Drivers\Goniometer\Moving_Average_Filter -I.\Austins_Component_Drivers\User_Interface -I.\Austins_Component_Drivers\User_Interface\Finite_State_Machine -I.\Austins_Component_Drivers\User_Interface\UI_Buttons -I.\Austins_Component_Drivers\Goniometer\Accelerometer -I.\Austin_Parameter -I. -IGenerated_Source\PSoC4 -Wa,-alh=.\CortexM0\ARM_GCC_541\Debug/I2C_I2C.lst -g -D DEBUG -D CY_CORE_ID=0 -Wall -ffunction-sections -ffat-lto-objects -Os -c Generated_Source\PSoC4\I2C_I2C.c -o .\CortexM0\ARM_GCC_541\Debug\I2C_I2C.o
arm-none-eabi-gcc.exe -mcpu=cortex-m0 -mthumb -I.\Austins_Component_Drivers -I.\Austins_Component_Drivers\Goniometer -I.\Austins_Component_Drivers\Goniometer\Acceleration_Vector -I.\Austins_Component_Drivers\Goniometer\ADXL345 -I.\Austins_Component_Drivers\Goniometer\Moving_Average_Filter -I.\Austins_Component_Drivers\User_Interface -I.\Austins_Component_Drivers\User_Interface\Finite_State_Machine -I.\Austins_Component_Drivers\User_Interface\UI_Buttons -I.\Austins_Component_Drivers\Goniometer\Accelerometer -I.\Austin_Parameter -I. -IGenerated_Source\PSoC4 -Wa,-alh=.\CortexM0\ARM_GCC_541\Debug/I2C_I2C_BOOT.lst -g -D DEBUG -D CY_CORE_ID=0 -Wall -ffunction-sections -ffat-lto-objects -Os -c Generated_Source\PSoC4\I2C_I2C_BOOT.c -o .\CortexM0\ARM_GCC_541\Debug\I2C_I2C_BOOT.o
arm-none-eabi-gcc.exe -mcpu=cortex-m0 -mthumb -I.\Austins_Component_Drivers -I.\Austins_Component_Drivers\Goniometer -I.\Austins_Component_Drivers\Goniometer\Acceleration_Vector -I.\Austins_Component_Drivers\Goniometer\ADXL345 -I.\Austins_Component_Drivers\Goniometer\Moving_Average_Filter -I.\Austins_Component_Drivers\User_Interface -I.\Austins_Component_Drivers\User_Interface\Finite_State_Machine -I.\Austins_Component_Drivers\User_Interface\UI_Buttons -I.\Austins_Component_Drivers\Goniometer\Accelerometer -I.\Austin_Parameter -I. -IGenerated_Source\PSoC4 -Wa,-alh=.\CortexM0\ARM_GCC_541\Debug/I2C_I2C_MASTER.lst -g -D DEBUG -D CY_CORE_ID=0 -Wall -ffunction-sections -ffat-lto-objects -Os -c Generated_Source\PSoC4\I2C_I2C_MASTER.c -o .\CortexM0\ARM_GCC_541\Debug\I2C_I2C_MASTER.o
arm-none-eabi-gcc.exe -mcpu=cortex-m0 -mthumb -I.\Austins_Component_Drivers -I.\Austins_Component_Drivers\Goniometer -I.\Austins_Component_Drivers\Goniometer\Acceleration_Vector -I.\Austins_Component_Drivers\Goniometer\ADXL345 -I.\Austins_Component_Drivers\Goniometer\Moving_Average_Filter -I.\Austins_Component_Drivers\User_Interface -I.\Austins_Component_Drivers\User_Interface\Finite_State_Machine -I.\Austins_Component_Drivers\User_Interface\UI_Buttons -I.\Austins_Component_Drivers\Goniometer\Accelerometer -I.\Austin_Parameter -I. -IGenerated_Source\PSoC4 -Wa,-alh=.\CortexM0\ARM_GCC_541\Debug/I2C_PM.lst -g -D DEBUG -D CY_CORE_ID=0 -Wall -ffunction-sections -ffat-lto-objects -Os -c Generated_Source\PSoC4\I2C_PM.c -o .\CortexM0\ARM_GCC_541\Debug\I2C_PM.o
arm-none-eabi-gcc.exe -mcpu=cortex-m0 -mthumb -I.\Austins_Component_Drivers -I.\Austins_Component_Drivers\Goniometer -I.\Austins_Component_Drivers\Goniometer\Acceleration_Vector -I.\Austins_Component_Drivers\Goniometer\ADXL345 -I.\Austins_Component_Drivers\Goniometer\Moving_Average_Filter -I.\Austins_Component_Drivers\User_Interface -I.\Austins_Component_Drivers\User_Interface\Finite_State_Machine -I.\Austins_Component_Drivers\User_Interface\UI_Buttons -I.\Austins_Component_Drivers\Goniometer\Accelerometer -I.\Austin_Parameter -I. -IGenerated_Source\PSoC4 -Wa,-alh=.\CortexM0\ARM_GCC_541\Debug/I2C_BOOT.lst -g -D DEBUG -D CY_CORE_ID=0 -Wall -ffunction-sections -ffat-lto-objects -Os -c Generated_Source\PSoC4\I2C_BOOT.c -o .\CortexM0\ARM_GCC_541\Debug\I2C_BOOT.o
arm-none-eabi-gcc.exe -mcpu=cortex-m0 -mthumb -I.\Austins_Component_Drivers -I.\Austins_Component_Drivers\Goniometer -I.\Austins_Component_Drivers\Goniometer\Acceleration_Vector -I.\Austins_Component_Drivers\Goniometer\ADXL345 -I.\Austins_Component_Drivers\Goniometer\Moving_Average_Filter -I.\Austins_Component_Drivers\User_Interface -I.\Austins_Component_Drivers\User_Interface\Finite_State_Machine -I.\Austins_Component_Drivers\User_Interface\UI_Buttons -I.\Austins_Component_Drivers\Goniometer\Accelerometer -I.\Austin_Parameter -I. -IGenerated_Source\PSoC4 -Wa,-alh=.\CortexM0\ARM_GCC_541\Debug/PuTTY.lst -g -D DEBUG -D CY_CORE_ID=0 -Wall -ffunction-sections -ffat-lto-objects -Os -c Generated_Source\PSoC4\PuTTY.c -o .\CortexM0\ARM_GCC_541\Debug\PuTTY.o
arm-none-eabi-gcc.exe -mcpu=cortex-m0 -mthumb -I.\Austins_Component_Drivers -I.\Austins_Component_Drivers\Goniometer -I.\Austins_Component_Drivers\Goniometer\Acceleration_Vector -I.\Austins_Component_Drivers\Goniometer\ADXL345 -I.\Austins_Component_Drivers\Goniometer\Moving_Average_Filter -I.\Austins_Component_Drivers\User_Interface -I.\Austins_Component_Drivers\User_Interface\Finite_State_Machine -I.\Austins_Component_Drivers\User_Interface\UI_Buttons -I.\Austins_Component_Drivers\Goniometer\Accelerometer -I.\Austin_Parameter -I. -IGenerated_Source\PSoC4 -Wa,-alh=.\CortexM0\ARM_GCC_541\Debug/PuTTY_SPI_UART.lst -g -D DEBUG -D CY_CORE_ID=0 -Wall -ffunction-sections -ffat-lto-objects -Os -c Generated_Source\PSoC4\PuTTY_SPI_UART.c -o .\CortexM0\ARM_GCC_541\Debug\PuTTY_SPI_UART.o
arm-none-eabi-gcc.exe -mcpu=cortex-m0 -mthumb -I.\Austins_Component_Drivers -I.\Austins_Component_Drivers\Goniometer -I.\Austins_Component_Drivers\Goniometer\Acceleration_Vector -I.\Austins_Component_Drivers\Goniometer\ADXL345 -I.\Austins_Component_Drivers\Goniometer\Moving_Average_Filter -I.\Austins_Component_Drivers\User_Interface -I.\Austins_Component_Drivers\User_Interface\Finite_State_Machine -I.\Austins_Component_Drivers\User_Interface\UI_Buttons -I.\Austins_Component_Drivers\Goniometer\Accelerometer -I.\Austin_Parameter -I. -IGenerated_Source\PSoC4 -Wa,-alh=.\CortexM0\ARM_GCC_541\Debug/PuTTY_SPI_UART_INT.lst -g -D DEBUG -D CY_CORE_ID=0 -Wall -ffunction-sections -ffat-lto-objects -Os -c Generated_Source\PSoC4\PuTTY_SPI_UART_INT.c -o .\CortexM0\ARM_GCC_541\Debug\PuTTY_SPI_UART_INT.o
arm-none-eabi-gcc.exe -mcpu=cortex-m0 -mthumb -I.\Austins_Component_Drivers -I.\Austins_Component_Drivers\Goniometer -I.\Austins_Component_Drivers\Goniometer\Acceleration_Vector -I.\Austins_Component_Drivers\Goniometer\ADXL345 -I.\Austins_Component_Drivers\Goniometer\Moving_Average_Filter -I.\Austins_Component_Drivers\User_Interface -I.\Austins_Component_Drivers\User_Interface\Finite_State_Machine -I.\Austins_Component_Drivers\User_Interface\UI_Buttons -I.\Austins_Component_Drivers\Goniometer\Accelerometer -I.\Austin_Parameter -I. -IGenerated_Source\PSoC4 -Wa,-alh=.\CortexM0\ARM_GCC_541\Debug/PuTTY_PM.lst -g -D DEBUG -D CY_CORE_ID=0 -Wall -ffunction-sections -ffat-lto-objects -Os -c Generated_Source\PSoC4\PuTTY_PM.c -o .\CortexM0\ARM_GCC_541\Debug\PuTTY_PM.o
arm-none-eabi-gcc.exe -mcpu=cortex-m0 -mthumb -I.\Austins_Component_Drivers -I.\Austins_Component_Drivers\Goniometer -I.\Austins_Component_Drivers\Goniometer\Acceleration_Vector -I.\Austins_Component_Drivers\Goniometer\ADXL345 -I.\Austins_Component_Drivers\Goniometer\Moving_Average_Filter -I.\Austins_Component_Drivers\User_Interface -I.\Austins_Component_Drivers\User_Interface\Finite_State_Machine -I.\Austins_Component_Drivers\User_Interface\UI_Buttons -I.\Austins_Component_Drivers\Goniometer\Accelerometer -I.\Austin_Parameter -I. -IGenerated_Source\PSoC4 -Wa,-alh=.\CortexM0\ARM_GCC_541\Debug/PuTTY_UART.lst -g -D DEBUG -D CY_CORE_ID=0 -Wall -ffunction-sections -ffat-lto-objects -Os -c Generated_Source\PSoC4\PuTTY_UART.c -o .\CortexM0\ARM_GCC_541\Debug\PuTTY_UART.o
arm-none-eabi-gcc.exe -mcpu=cortex-m0 -mthumb -I.\Austins_Component_Drivers -I.\Austins_Component_Drivers\Goniometer -I.\Austins_Component_Drivers\Goniometer\Acceleration_Vector -I.\Austins_Component_Drivers\Goniometer\ADXL345 -I.\Austins_Component_Drivers\Goniometer\Moving_Average_Filter -I.\Austins_Component_Drivers\User_Interface -I.\Austins_Component_Drivers\User_Interface\Finite_State_Machine -I.\Austins_Component_Drivers\User_Interface\UI_Buttons -I.\Austins_Component_Drivers\Goniometer\Accelerometer -I.\Austin_Parameter -I. -IGenerated_Source\PSoC4 -Wa,-alh=.\CortexM0\ARM_GCC_541\Debug/PuTTY_BOOT.lst -g -D DEBUG -D CY_CORE_ID=0 -Wall -ffunction-sections -ffat-lto-objects -Os -c Generated_Source\PSoC4\PuTTY_BOOT.c -o .\CortexM0\ARM_GCC_541\Debug\PuTTY_BOOT.o
arm-none-eabi-gcc.exe -mcpu=cortex-m0 -mthumb -I.\Austins_Component_Drivers -I.\Austins_Component_Drivers\Goniometer -I.\Austins_Component_Drivers\Goniometer\Acceleration_Vector -I.\Austins_Component_Drivers\Goniometer\ADXL345 -I.\Austins_Component_Drivers\Goniometer\Moving_Average_Filter -I.\Austins_Component_Drivers\User_Interface -I.\Austins_Component_Drivers\User_Interface\Finite_State_Machine -I.\Austins_Component_Drivers\User_Interface\UI_Buttons -I.\Austins_Component_Drivers\Goniometer\Accelerometer -I.\Austin_Parameter -I. -IGenerated_Source\PSoC4 -Wa,-alh=.\CortexM0\ARM_GCC_541\Debug/PuTTY_UART_BOOT.lst -g -D DEBUG -D CY_CORE_ID=0 -Wall -ffunction-sections -ffat-lto-objects -Os -c Generated_Source\PSoC4\PuTTY_UART_BOOT.c -o .\CortexM0\ARM_GCC_541\Debug\PuTTY_UART_BOOT.o
arm-none-eabi-gcc.exe -mcpu=cortex-m0 -mthumb -I.\Austins_Component_Drivers -I.\Austins_Component_Drivers\Goniometer -I.\Austins_Component_Drivers\Goniometer\Acceleration_Vector -I.\Austins_Component_Drivers\Goniometer\ADXL345 -I.\Austins_Component_Drivers\Goniometer\Moving_Average_Filter -I.\Austins_Component_Drivers\User_Interface -I.\Austins_Component_Drivers\User_Interface\Finite_State_Machine -I.\Austins_Component_Drivers\User_Interface\UI_Buttons -I.\Austins_Component_Drivers\Goniometer\Accelerometer -I.\Austin_Parameter -I. -IGenerated_Source\PSoC4 -Wa,-alh=.\CortexM0\ARM_GCC_541\Debug/Button_Decrement_ISR.lst -g -D DEBUG -D CY_CORE_ID=0 -Wall -ffunction-sections -ffat-lto-objects -Os -c Generated_Source\PSoC4\Button_Decrement_ISR.c -o .\CortexM0\ARM_GCC_541\Debug\Button_Decrement_ISR.o
arm-none-eabi-gcc.exe -mcpu=cortex-m0 -mthumb -I.\Austins_Component_Drivers -I.\Austins_Component_Drivers\Goniometer -I.\Austins_Component_Drivers\Goniometer\Acceleration_Vector -I.\Austins_Component_Drivers\Goniometer\ADXL345 -I.\Austins_Component_Drivers\Goniometer\Moving_Average_Filter -I.\Austins_Component_Drivers\User_Interface -I.\Austins_Component_Drivers\User_Interface\Finite_State_Machine -I.\Austins_Component_Drivers\User_Interface\UI_Buttons -I.\Austins_Component_Drivers\Goniometer\Accelerometer -I.\Austin_Parameter -I. -IGenerated_Source\PSoC4 -Wa,-alh=.\CortexM0\ARM_GCC_541\Debug/Button_Increment_ISR.lst -g -D DEBUG -D CY_CORE_ID=0 -Wall -ffunction-sections -ffat-lto-objects -Os -c Generated_Source\PSoC4\Button_Increment_ISR.c -o .\CortexM0\ARM_GCC_541\Debug\Button_Increment_ISR.o
arm-none-eabi-gcc.exe -mcpu=cortex-m0 -mthumb -I.\Austins_Component_Drivers -I.\Austins_Component_Drivers\Goniometer -I.\Austins_Component_Drivers\Goniometer\Acceleration_Vector -I.\Austins_Component_Drivers\Goniometer\ADXL345 -I.\Austins_Component_Drivers\Goniometer\Moving_Average_Filter -I.\Austins_Component_Drivers\User_Interface -I.\Austins_Component_Drivers\User_Interface\Finite_State_Machine -I.\Austins_Component_Drivers\User_Interface\UI_Buttons -I.\Austins_Component_Drivers\Goniometer\Accelerometer -I.\Austin_Parameter -I. -IGenerated_Source\PSoC4 -Wa,-alh=.\CortexM0\ARM_GCC_541\Debug/Button_Back_ISR.lst -g -D DEBUG -D CY_CORE_ID=0 -Wall -ffunction-sections -ffat-lto-objects -Os -c Generated_Source\PSoC4\Button_Back_ISR.c -o .\CortexM0\ARM_GCC_541\Debug\Button_Back_ISR.o
arm-none-eabi-gcc.exe -mcpu=cortex-m0 -mthumb -I.\Austins_Component_Drivers -I.\Austins_Component_Drivers\Goniometer -I.\Austins_Component_Drivers\Goniometer\Acceleration_Vector -I.\Austins_Component_Drivers\Goniometer\ADXL345 -I.\Austins_Component_Drivers\Goniometer\Moving_Average_Filter -I.\Austins_Component_Drivers\User_Interface -I.\Austins_Component_Drivers\User_Interface\Finite_State_Machine -I.\Austins_Component_Drivers\User_Interface\UI_Buttons -I.\Austins_Component_Drivers\Goniometer\Accelerometer -I.\Austin_Parameter -I. -IGenerated_Source\PSoC4 -Wa,-alh=.\CortexM0\ARM_GCC_541\Debug/Button_Confirm_ISR.lst -g -D DEBUG -D CY_CORE_ID=0 -Wall -ffunction-sections -ffat-lto-objects -Os -c Generated_Source\PSoC4\Button_Confirm_ISR.c -o .\CortexM0\ARM_GCC_541\Debug\Button_Confirm_ISR.o
arm-none-eabi-gcc.exe -mcpu=cortex-m0 -mthumb -I.\Austins_Component_Drivers -I.\Austins_Component_Drivers\Goniometer -I.\Austins_Component_Drivers\Goniometer\Acceleration_Vector -I.\Austins_Component_Drivers\Goniometer\ADXL345 -I.\Austins_Component_Drivers\Goniometer\Moving_Average_Filter -I.\Austins_Component_Drivers\User_Interface -I.\Austins_Component_Drivers\User_Interface\Finite_State_Machine -I.\Austins_Component_Drivers\User_Interface\UI_Buttons -I.\Austins_Component_Drivers\Goniometer\Accelerometer -I.\Austin_Parameter -I. -IGenerated_Source\PSoC4 -Wa,-alh=.\CortexM0\ARM_GCC_541\Debug/Button_Decrement.lst -g -D DEBUG -D CY_CORE_ID=0 -Wall -ffunction-sections -ffat-lto-objects -Os -c Generated_Source\PSoC4\Button_Decrement.c -o .\CortexM0\ARM_GCC_541\Debug\Button_Decrement.o
arm-none-eabi-gcc.exe -mcpu=cortex-m0 -mthumb -I.\Austins_Component_Drivers -I.\Austins_Component_Drivers\Goniometer -I.\Austins_Component_Drivers\Goniometer\Acceleration_Vector -I.\Austins_Component_Drivers\Goniometer\ADXL345 -I.\Austins_Component_Drivers\Goniometer\Moving_Average_Filter -I.\Austins_Component_Drivers\User_Interface -I.\Austins_Component_Drivers\User_Interface\Finite_State_Machine -I.\Austins_Component_Drivers\User_Interface\UI_Buttons -I.\Austins_Component_Drivers\Goniometer\Accelerometer -I.\Austin_Parameter -I. -IGenerated_Source\PSoC4 -Wa,-alh=.\CortexM0\ARM_GCC_541\Debug/Button_Decrement_PM.lst -g -D DEBUG -D CY_CORE_ID=0 -Wall -ffunction-sections -ffat-lto-objects -Os -c Generated_Source\PSoC4\Button_Decrement_PM.c -o .\CortexM0\ARM_GCC_541\Debug\Button_Decrement_PM.o
arm-none-eabi-gcc.exe -mcpu=cortex-m0 -mthumb -I.\Austins_Component_Drivers -I.\Austins_Component_Drivers\Goniometer -I.\Austins_Component_Drivers\Goniometer\Acceleration_Vector -I.\Austins_Component_Drivers\Goniometer\ADXL345 -I.\Austins_Component_Drivers\Goniometer\Moving_Average_Filter -I.\Austins_Component_Drivers\User_Interface -I.\Austins_Component_Drivers\User_Interface\Finite_State_Machine -I.\Austins_Component_Drivers\User_Interface\UI_Buttons -I.\Austins_Component_Drivers\Goniometer\Accelerometer -I.\Austin_Parameter -I. -IGenerated_Source\PSoC4 -Wa,-alh=.\CortexM0\ARM_GCC_541\Debug/Button_Increment.lst -g -D DEBUG -D CY_CORE_ID=0 -Wall -ffunction-sections -ffat-lto-objects -Os -c Generated_Source\PSoC4\Button_Increment.c -o .\CortexM0\ARM_GCC_541\Debug\Button_Increment.o
arm-none-eabi-gcc.exe -mcpu=cortex-m0 -mthumb -I.\Austins_Component_Drivers -I.\Austins_Component_Drivers\Goniometer -I.\Austins_Component_Drivers\Goniometer\Acceleration_Vector -I.\Austins_Component_Drivers\Goniometer\ADXL345 -I.\Austins_Component_Drivers\Goniometer\Moving_Average_Filter -I.\Austins_Component_Drivers\User_Interface -I.\Austins_Component_Drivers\User_Interface\Finite_State_Machine -I.\Austins_Component_Drivers\User_Interface\UI_Buttons -I.\Austins_Component_Drivers\Goniometer\Accelerometer -I.\Austin_Parameter -I. -IGenerated_Source\PSoC4 -Wa,-alh=.\CortexM0\ARM_GCC_541\Debug/Button_Increment_PM.lst -g -D DEBUG -D CY_CORE_ID=0 -Wall -ffunction-sections -ffat-lto-objects -Os -c Generated_Source\PSoC4\Button_Increment_PM.c -o .\CortexM0\ARM_GCC_541\Debug\Button_Increment_PM.o
arm-none-eabi-gcc.exe -mcpu=cortex-m0 -mthumb -I.\Austins_Component_Drivers -I.\Austins_Component_Drivers\Goniometer -I.\Austins_Component_Drivers\Goniometer\Acceleration_Vector -I.\Austins_Component_Drivers\Goniometer\ADXL345 -I.\Austins_Component_Drivers\Goniometer\Moving_Average_Filter -I.\Austins_Component_Drivers\User_Interface -I.\Austins_Component_Drivers\User_Interface\Finite_State_Machine -I.\Austins_Component_Drivers\User_Interface\UI_Buttons -I.\Austins_Component_Drivers\Goniometer\Accelerometer -I.\Austin_Parameter -I. -IGenerated_Source\PSoC4 -Wa,-alh=.\CortexM0\ARM_GCC_541\Debug/Button_Back.lst -g -D DEBUG -D CY_CORE_ID=0 -Wall -ffunction-sections -ffat-lto-objects -Os -c Generated_Source\PSoC4\Button_Back.c -o .\CortexM0\ARM_GCC_541\Debug\Button_Back.o
arm-none-eabi-gcc.exe -mcpu=cortex-m0 -mthumb -I.\Austins_Component_Drivers -I.\Austins_Component_Drivers\Goniometer -I.\Austins_Component_Drivers\Goniometer\Acceleration_Vector -I.\Austins_Component_Drivers\Goniometer\ADXL345 -I.\Austins_Component_Drivers\Goniometer\Moving_Average_Filter -I.\Austins_Component_Drivers\User_Interface -I.\Austins_Component_Drivers\User_Interface\Finite_State_Machine -I.\Austins_Component_Drivers\User_Interface\UI_Buttons -I.\Austins_Component_Drivers\Goniometer\Accelerometer -I.\Austin_Parameter -I. -IGenerated_Source\PSoC4 -Wa,-alh=.\CortexM0\ARM_GCC_541\Debug/Button_Back_PM.lst -g -D DEBUG -D CY_CORE_ID=0 -Wall -ffunction-sections -ffat-lto-objects -Os -c Generated_Source\PSoC4\Button_Back_PM.c -o .\CortexM0\ARM_GCC_541\Debug\Button_Back_PM.o
arm-none-eabi-gcc.exe -mcpu=cortex-m0 -mthumb -I.\Austins_Component_Drivers -I.\Austins_Component_Drivers\Goniometer -I.\Austins_Component_Drivers\Goniometer\Acceleration_Vector -I.\Austins_Component_Drivers\Goniometer\ADXL345 -I.\Austins_Component_Drivers\Goniometer\Moving_Average_Filter -I.\Austins_Component_Drivers\User_Interface -I.\Austins_Component_Drivers\User_Interface\Finite_State_Machine -I.\Austins_Component_Drivers\User_Interface\UI_Buttons -I.\Austins_Component_Drivers\Goniometer\Accelerometer -I.\Austin_Parameter -I. -IGenerated_Source\PSoC4 -Wa,-alh=.\CortexM0\ARM_GCC_541\Debug/Button_Confirm.lst -g -D DEBUG -D CY_CORE_ID=0 -Wall -ffunction-sections -ffat-lto-objects -Os -c Generated_Source\PSoC4\Button_Confirm.c -o .\CortexM0\ARM_GCC_541\Debug\Button_Confirm.o
arm-none-eabi-gcc.exe -mcpu=cortex-m0 -mthumb -I.\Austins_Component_Drivers -I.\Austins_Component_Drivers\Goniometer -I.\Austins_Component_Drivers\Goniometer\Acceleration_Vector -I.\Austins_Component_Drivers\Goniometer\ADXL345 -I.\Austins_Component_Drivers\Goniometer\Moving_Average_Filter -I.\Austins_Component_Drivers\User_Interface -I.\Austins_Component_Drivers\User_Interface\Finite_State_Machine -I.\Austins_Component_Drivers\User_Interface\UI_Buttons -I.\Austins_Component_Drivers\Goniometer\Accelerometer -I.\Austin_Parameter -I. -IGenerated_Source\PSoC4 -Wa,-alh=.\CortexM0\ARM_GCC_541\Debug/Button_Confirm_PM.lst -g -D DEBUG -D CY_CORE_ID=0 -Wall -ffunction-sections -ffat-lto-objects -Os -c Generated_Source\PSoC4\Button_Confirm_PM.c -o .\CortexM0\ARM_GCC_541\Debug\Button_Confirm_PM.o
arm-none-eabi-gcc.exe -mcpu=cortex-m0 -mthumb -I.\Austins_Component_Drivers -I.\Austins_Component_Drivers\Goniometer -I.\Austins_Component_Drivers\Goniometer\Acceleration_Vector -I.\Austins_Component_Drivers\Goniometer\ADXL345 -I.\Austins_Component_Drivers\Goniometer\Moving_Average_Filter -I.\Austins_Component_Drivers\User_Interface -I.\Austins_Component_Drivers\User_Interface\Finite_State_Machine -I.\Austins_Component_Drivers\User_Interface\UI_Buttons -I.\Austins_Component_Drivers\Goniometer\Accelerometer -I.\Austin_Parameter -I. -IGenerated_Source\PSoC4 -Wa,-alh=.\CortexM0\ARM_GCC_541\Debug/Screen.lst -g -D DEBUG -D CY_CORE_ID=0 -Wall -ffunction-sections -ffat-lto-objects -Os -c Generated_Source\PSoC4\Screen.c -o .\CortexM0\ARM_GCC_541\Debug\Screen.o
arm-none-eabi-gcc.exe -mcpu=cortex-m0 -mthumb -I.\Austins_Component_Drivers -I.\Austins_Component_Drivers\Goniometer -I.\Austins_Component_Drivers\Goniometer\Acceleration_Vector -I.\Austins_Component_Drivers\Goniometer\ADXL345 -I.\Austins_Component_Drivers\Goniometer\Moving_Average_Filter -I.\Austins_Component_Drivers\User_Interface -I.\Austins_Component_Drivers\User_Interface\Finite_State_Machine -I.\Austins_Component_Drivers\User_Interface\UI_Buttons -I.\Austins_Component_Drivers\Goniometer\Accelerometer -I.\Austin_Parameter -I. -IGenerated_Source\PSoC4 -Wa,-alh=.\CortexM0\ARM_GCC_541\Debug/Screen_PM.lst -g -D DEBUG -D CY_CORE_ID=0 -Wall -ffunction-sections -ffat-lto-objects -Os -c Generated_Source\PSoC4\Screen_PM.c -o .\CortexM0\ARM_GCC_541\Debug\Screen_PM.o
arm-none-eabi-gcc.exe -mcpu=cortex-m0 -mthumb -I.\Austins_Component_Drivers -I.\Austins_Component_Drivers\Goniometer -I.\Austins_Component_Drivers\Goniometer\Acceleration_Vector -I.\Austins_Component_Drivers\Goniometer\ADXL345 -I.\Austins_Component_Drivers\Goniometer\Moving_Average_Filter -I.\Austins_Component_Drivers\User_Interface -I.\Austins_Component_Drivers\User_Interface\Finite_State_Machine -I.\Austins_Component_Drivers\User_Interface\UI_Buttons -I.\Austins_Component_Drivers\Goniometer\Accelerometer -I.\Austin_Parameter -I. -IGenerated_Source\PSoC4 -Wa,-alh=.\CortexM0\ARM_GCC_541\Debug/Clock_100Hz.lst -g -D DEBUG -D CY_CORE_ID=0 -Wall -ffunction-sections -ffat-lto-objects -Os -c Generated_Source\PSoC4\Clock_100Hz.c -o .\CortexM0\ARM_GCC_541\Debug\Clock_100Hz.o
arm-none-eabi-gcc.exe -mcpu=cortex-m0 -mthumb -I.\Austins_Component_Drivers -I.\Austins_Component_Drivers\Goniometer -I.\Austins_Component_Drivers\Goniometer\Acceleration_Vector -I.\Austins_Component_Drivers\Goniometer\ADXL345 -I.\Austins_Component_Drivers\Goniometer\Moving_Average_Filter -I.\Austins_Component_Drivers\User_Interface -I.\Austins_Component_Drivers\User_Interface\Finite_State_Machine -I.\Austins_Component_Drivers\User_Interface\UI_Buttons -I.\Austins_Component_Drivers\Goniometer\Accelerometer -I.\Austin_Parameter -I. -IGenerated_Source\PSoC4 -Wa,-alh=.\CortexM0\ARM_GCC_541\Debug/I2C_SCBCLK.lst -g -D DEBUG -D CY_CORE_ID=0 -Wall -ffunction-sections -ffat-lto-objects -Os -c Generated_Source\PSoC4\I2C_SCBCLK.c -o .\CortexM0\ARM_GCC_541\Debug\I2C_SCBCLK.o
arm-none-eabi-gcc.exe -mcpu=cortex-m0 -mthumb -I.\Austins_Component_Drivers -I.\Austins_Component_Drivers\Goniometer -I.\Austins_Component_Drivers\Goniometer\Acceleration_Vector -I.\Austins_Component_Drivers\Goniometer\ADXL345 -I.\Austins_Component_Drivers\Goniometer\Moving_Average_Filter -I.\Austins_Component_Drivers\User_Interface -I.\Austins_Component_Drivers\User_Interface\Finite_State_Machine -I.\Austins_Component_Drivers\User_Interface\UI_Buttons -I.\Austins_Component_Drivers\Goniometer\Accelerometer -I.\Austin_Parameter -I. -IGenerated_Source\PSoC4 -Wa,-alh=.\CortexM0\ARM_GCC_541\Debug/I2C_sda.lst -g -D DEBUG -D CY_CORE_ID=0 -Wall -ffunction-sections -ffat-lto-objects -Os -c Generated_Source\PSoC4\I2C_sda.c -o .\CortexM0\ARM_GCC_541\Debug\I2C_sda.o
arm-none-eabi-gcc.exe -mcpu=cortex-m0 -mthumb -I.\Austins_Component_Drivers -I.\Austins_Component_Drivers\Goniometer -I.\Austins_Component_Drivers\Goniometer\Acceleration_Vector -I.\Austins_Component_Drivers\Goniometer\ADXL345 -I.\Austins_Component_Drivers\Goniometer\Moving_Average_Filter -I.\Austins_Component_Drivers\User_Interface -I.\Austins_Component_Drivers\User_Interface\Finite_State_Machine -I.\Austins_Component_Drivers\User_Interface\UI_Buttons -I.\Austins_Component_Drivers\Goniometer\Accelerometer -I.\Austin_Parameter -I. -IGenerated_Source\PSoC4 -Wa,-alh=.\CortexM0\ARM_GCC_541\Debug/I2C_sda_PM.lst -g -D DEBUG -D CY_CORE_ID=0 -Wall -ffunction-sections -ffat-lto-objects -Os -c Generated_Source\PSoC4\I2C_sda_PM.c -o .\CortexM0\ARM_GCC_541\Debug\I2C_sda_PM.o
arm-none-eabi-gcc.exe -mcpu=cortex-m0 -mthumb -I.\Austins_Component_Drivers -I.\Austins_Component_Drivers\Goniometer -I.\Austins_Component_Drivers\Goniometer\Acceleration_Vector -I.\Austins_Component_Drivers\Goniometer\ADXL345 -I.\Austins_Component_Drivers\Goniometer\Moving_Average_Filter -I.\Austins_Component_Drivers\User_Interface -I.\Austins_Component_Drivers\User_Interface\Finite_State_Machine -I.\Austins_Component_Drivers\User_Interface\UI_Buttons -I.\Austins_Component_Drivers\Goniometer\Accelerometer -I.\Austin_Parameter -I. -IGenerated_Source\PSoC4 -Wa,-alh=.\CortexM0\ARM_GCC_541\Debug/I2C_scl.lst -g -D DEBUG -D CY_CORE_ID=0 -Wall -ffunction-sections -ffat-lto-objects -Os -c Generated_Source\PSoC4\I2C_scl.c -o .\CortexM0\ARM_GCC_541\Debug\I2C_scl.o
arm-none-eabi-gcc.exe -mcpu=cortex-m0 -mthumb -I.\Austins_Component_Drivers -I.\Austins_Component_Drivers\Goniometer -I.\Austins_Component_Drivers\Goniometer\Acceleration_Vector -I.\Austins_Component_Drivers\Goniometer\ADXL345 -I.\Austins_Component_Drivers\Goniometer\Moving_Average_Filter -I.\Austins_Component_Drivers\User_Interface -I.\Austins_Component_Drivers\User_Interface\Finite_State_Machine -I.\Austins_Component_Drivers\User_Interface\UI_Buttons -I.\Austins_Component_Drivers\Goniometer\Accelerometer -I.\Austin_Parameter -I. -IGenerated_Source\PSoC4 -Wa,-alh=.\CortexM0\ARM_GCC_541\Debug/I2C_scl_PM.lst -g -D DEBUG -D CY_CORE_ID=0 -Wall -ffunction-sections -ffat-lto-objects -Os -c Generated_Source\PSoC4\I2C_scl_PM.c -o .\CortexM0\ARM_GCC_541\Debug\I2C_scl_PM.o
arm-none-eabi-gcc.exe -mcpu=cortex-m0 -mthumb -I.\Austins_Component_Drivers -I.\Austins_Component_Drivers\Goniometer -I.\Austins_Component_Drivers\Goniometer\Acceleration_Vector -I.\Austins_Component_Drivers\Goniometer\ADXL345 -I.\Austins_Component_Drivers\Goniometer\Moving_Average_Filter -I.\Austins_Component_Drivers\User_Interface -I.\Austins_Component_Drivers\User_Interface\Finite_State_Machine -I.\Austins_Component_Drivers\User_Interface\UI_Buttons -I.\Austins_Component_Drivers\Goniometer\Accelerometer -I.\Austin_Parameter -I. -IGenerated_Source\PSoC4 -Wa,-alh=.\CortexM0\ARM_GCC_541\Debug/I2C_SCB_IRQ.lst -g -D DEBUG -D CY_CORE_ID=0 -Wall -ffunction-sections -ffat-lto-objects -Os -c Generated_Source\PSoC4\I2C_SCB_IRQ.c -o .\CortexM0\ARM_GCC_541\Debug\I2C_SCB_IRQ.o
arm-none-eabi-gcc.exe -mcpu=cortex-m0 -mthumb -I.\Austins_Component_Drivers -I.\Austins_Component_Drivers\Goniometer -I.\Austins_Component_Drivers\Goniometer\Acceleration_Vector -I.\Austins_Component_Drivers\Goniometer\ADXL345 -I.\Austins_Component_Drivers\Goniometer\Moving_Average_Filter -I.\Austins_Component_Drivers\User_Interface -I.\Austins_Component_Drivers\User_Interface\Finite_State_Machine -I.\Austins_Component_Drivers\User_Interface\UI_Buttons -I.\Austins_Component_Drivers\Goniometer\Accelerometer -I.\Austin_Parameter -I. -IGenerated_Source\PSoC4 -Wa,-alh=.\CortexM0\ARM_GCC_541\Debug/PuTTY_SCBCLK.lst -g -D DEBUG -D CY_CORE_ID=0 -Wall -ffunction-sections -ffat-lto-objects -Os -c Generated_Source\PSoC4\PuTTY_SCBCLK.c -o .\CortexM0\ARM_GCC_541\Debug\PuTTY_SCBCLK.o
arm-none-eabi-gcc.exe -mcpu=cortex-m0 -mthumb -I.\Austins_Component_Drivers -I.\Austins_Component_Drivers\Goniometer -I.\Austins_Component_Drivers\Goniometer\Acceleration_Vector -I.\Austins_Component_Drivers\Goniometer\ADXL345 -I.\Austins_Component_Drivers\Goniometer\Moving_Average_Filter -I.\Austins_Component_Drivers\User_Interface -I.\Austins_Component_Drivers\User_Interface\Finite_State_Machine -I.\Austins_Component_Drivers\User_Interface\UI_Buttons -I.\Austins_Component_Drivers\Goniometer\Accelerometer -I.\Austin_Parameter -I. -IGenerated_Source\PSoC4 -Wa,-alh=.\CortexM0\ARM_GCC_541\Debug/PuTTY_tx.lst -g -D DEBUG -D CY_CORE_ID=0 -Wall -ffunction-sections -ffat-lto-objects -Os -c Generated_Source\PSoC4\PuTTY_tx.c -o .\CortexM0\ARM_GCC_541\Debug\PuTTY_tx.o
arm-none-eabi-gcc.exe -mcpu=cortex-m0 -mthumb -I.\Austins_Component_Drivers -I.\Austins_Component_Drivers\Goniometer -I.\Austins_Component_Drivers\Goniometer\Acceleration_Vector -I.\Austins_Component_Drivers\Goniometer\ADXL345 -I.\Austins_Component_Drivers\Goniometer\Moving_Average_Filter -I.\Austins_Component_Drivers\User_Interface -I.\Austins_Component_Drivers\User_Interface\Finite_State_Machine -I.\Austins_Component_Drivers\User_Interface\UI_Buttons -I.\Austins_Component_Drivers\Goniometer\Accelerometer -I.\Austin_Parameter -I. -IGenerated_Source\PSoC4 -Wa,-alh=.\CortexM0\ARM_GCC_541\Debug/PuTTY_tx_PM.lst -g -D DEBUG -D CY_CORE_ID=0 -Wall -ffunction-sections -ffat-lto-objects -Os -c Generated_Source\PSoC4\PuTTY_tx_PM.c -o .\CortexM0\ARM_GCC_541\Debug\PuTTY_tx_PM.o
arm-none-eabi-gcc.exe -mcpu=cortex-m0 -mthumb -I.\Austins_Component_Drivers -I.\Austins_Component_Drivers\Goniometer -I.\Austins_Component_Drivers\Goniometer\Acceleration_Vector -I.\Austins_Component_Drivers\Goniometer\ADXL345 -I.\Austins_Component_Drivers\Goniometer\Moving_Average_Filter -I.\Austins_Component_Drivers\User_Interface -I.\Austins_Component_Drivers\User_Interface\Finite_State_Machine -I.\Austins_Component_Drivers\User_Interface\UI_Buttons -I.\Austins_Component_Drivers\Goniometer\Accelerometer -I.\Austin_Parameter -I. -IGenerated_Source\PSoC4 -Wa,-alh=.\CortexM0\ARM_GCC_541\Debug/PuTTY_SCB_IRQ.lst -g -D DEBUG -D CY_CORE_ID=0 -Wall -ffunction-sections -ffat-lto-objects -Os -c Generated_Source\PSoC4\PuTTY_SCB_IRQ.c -o .\CortexM0\ARM_GCC_541\Debug\PuTTY_SCB_IRQ.o
arm-none-eabi-gcc.exe -mcpu=cortex-m0 -mthumb -I.\Austins_Component_Drivers -I.\Austins_Component_Drivers\Goniometer -I.\Austins_Component_Drivers\Goniometer\Acceleration_Vector -I.\Austins_Component_Drivers\Goniometer\ADXL345 -I.\Austins_Component_Drivers\Goniometer\Moving_Average_Filter -I.\Austins_Component_Drivers\User_Interface -I.\Austins_Component_Drivers\User_Interface\Finite_State_Machine -I.\Austins_Component_Drivers\User_Interface\UI_Buttons -I.\Austins_Component_Drivers\Goniometer\Accelerometer -I.\Austin_Parameter -I. -IGenerated_Source\PSoC4 -Wa,-alh=.\CortexM0\ARM_GCC_541\Debug/Screen_LCDPort.lst -g -D DEBUG -D CY_CORE_ID=0 -Wall -ffunction-sections -ffat-lto-objects -Os -c Generated_Source\PSoC4\Screen_LCDPort.c -o .\CortexM0\ARM_GCC_541\Debug\Screen_LCDPort.o
arm-none-eabi-gcc.exe -mcpu=cortex-m0 -mthumb -I.\Austins_Component_Drivers -I.\Austins_Component_Drivers\Goniometer -I.\Austins_Component_Drivers\Goniometer\Acceleration_Vector -I.\Austins_Component_Drivers\Goniometer\ADXL345 -I.\Austins_Component_Drivers\Goniometer\Moving_Average_Filter -I.\Austins_Component_Drivers\User_Interface -I.\Austins_Component_Drivers\User_Interface\Finite_State_Machine -I.\Austins_Component_Drivers\User_Interface\UI_Buttons -I.\Austins_Component_Drivers\Goniometer\Accelerometer -I.\Austin_Parameter -I. -IGenerated_Source\PSoC4 -Wa,-alh=.\CortexM0\ARM_GCC_541\Debug/Screen_LCDPort_PM.lst -g -D DEBUG -D CY_CORE_ID=0 -Wall -ffunction-sections -ffat-lto-objects -Os -c Generated_Source\PSoC4\Screen_LCDPort_PM.c -o .\CortexM0\ARM_GCC_541\Debug\Screen_LCDPort_PM.o
arm-none-eabi-gcc.exe -mcpu=cortex-m0 -mthumb -I.\Austins_Component_Drivers -I.\Austins_Component_Drivers\Goniometer -I.\Austins_Component_Drivers\Goniometer\Acceleration_Vector -I.\Austins_Component_Drivers\Goniometer\ADXL345 -I.\Austins_Component_Drivers\Goniometer\Moving_Average_Filter -I.\Austins_Component_Drivers\User_Interface -I.\Austins_Component_Drivers\User_Interface\Finite_State_Machine -I.\Austins_Component_Drivers\User_Interface\UI_Buttons -I.\Austins_Component_Drivers\Goniometer\Accelerometer -I.\Austin_Parameter -I. -IGenerated_Source\PSoC4 -Wa,-alh=.\CortexM0\ARM_GCC_541\Debug/cy_em_eeprom.lst -g -D DEBUG -D CY_CORE_ID=0 -Wall -ffunction-sections -ffat-lto-objects -Os -c Generated_Source\PSoC4\cy_em_eeprom.c -o .\CortexM0\ARM_GCC_541\Debug\cy_em_eeprom.o
arm-none-eabi-gcc.exe -mcpu=cortex-m0 -mthumb -I.\Austins_Component_Drivers -I.\Austins_Component_Drivers\Goniometer -I.\Austins_Component_Drivers\Goniometer\Acceleration_Vector -I.\Austins_Component_Drivers\Goniometer\ADXL345 -I.\Austins_Component_Drivers\Goniometer\Moving_Average_Filter -I.\Austins_Component_Drivers\User_Interface -I.\Austins_Component_Drivers\User_Interface\Finite_State_Machine -I.\Austins_Component_Drivers\User_Interface\UI_Buttons -I.\Austins_Component_Drivers\Goniometer\Accelerometer -I.\Austin_Parameter -I. -IGenerated_Source\PSoC4 -Wa,-alh=.\CortexM0\ARM_GCC_541\Debug/Cm0Start.lst -g -D DEBUG -D CY_CORE_ID=0 -Wall -ffunction-sections -ffat-lto-objects -Os -c Generated_Source\PSoC4\Cm0Start.c -o .\CortexM0\ARM_GCC_541\Debug\Cm0Start.o
arm-none-eabi-gcc.exe -mcpu=cortex-m0 -mthumb -I.\Austins_Component_Drivers -I.\Austins_Component_Drivers\Goniometer -I.\Austins_Component_Drivers\Goniometer\Acceleration_Vector -I.\Austins_Component_Drivers\Goniometer\ADXL345 -I.\Austins_Component_Drivers\Goniometer\Moving_Average_Filter -I.\Austins_Component_Drivers\User_Interface -I.\Austins_Component_Drivers\User_Interface\Finite_State_Machine -I.\Austins_Component_Drivers\User_Interface\UI_Buttons -I.\Austins_Component_Drivers\Goniometer\Accelerometer -I.\Austin_Parameter -I. -IGenerated_Source\PSoC4 -Wa,-alh=.\CortexM0\ARM_GCC_541\Debug/CyFlash.lst -g -D DEBUG -D CY_CORE_ID=0 -Wall -ffunction-sections -ffat-lto-objects -Os -c Generated_Source\PSoC4\CyFlash.c -o .\CortexM0\ARM_GCC_541\Debug\CyFlash.o
arm-none-eabi-gcc.exe -mcpu=cortex-m0 -mthumb -I.\Austins_Component_Drivers -I.\Austins_Component_Drivers\Goniometer -I.\Austins_Component_Drivers\Goniometer\Acceleration_Vector -I.\Austins_Component_Drivers\Goniometer\ADXL345 -I.\Austins_Component_Drivers\Goniometer\Moving_Average_Filter -I.\Austins_Component_Drivers\User_Interface -I.\Austins_Component_Drivers\User_Interface\Finite_State_Machine -I.\Austins_Component_Drivers\User_Interface\UI_Buttons -I.\Austins_Component_Drivers\Goniometer\Accelerometer -I.\Austin_Parameter -I. -IGenerated_Source\PSoC4 -Wa,-alh=.\CortexM0\ARM_GCC_541\Debug/CyLib.lst -g -D DEBUG -D CY_CORE_ID=0 -Wall -ffunction-sections -ffat-lto-objects -Os -c Generated_Source\PSoC4\CyLib.c -o .\CortexM0\ARM_GCC_541\Debug\CyLib.o
arm-none-eabi-gcc.exe -mcpu=cortex-m0 -mthumb -I.\Austins_Component_Drivers -I.\Austins_Component_Drivers\Goniometer -I.\Austins_Component_Drivers\Goniometer\Acceleration_Vector -I.\Austins_Component_Drivers\Goniometer\ADXL345 -I.\Austins_Component_Drivers\Goniometer\Moving_Average_Filter -I.\Austins_Component_Drivers\User_Interface -I.\Austins_Component_Drivers\User_Interface\Finite_State_Machine -I.\Austins_Component_Drivers\User_Interface\UI_Buttons -I.\Austins_Component_Drivers\Goniometer\Accelerometer -I.\Austin_Parameter -I. -IGenerated_Source\PSoC4 -Wa,-alh=.\CortexM0\ARM_GCC_541\Debug/cyPm.lst -g -D DEBUG -D CY_CORE_ID=0 -Wall -ffunction-sections -ffat-lto-objects -Os -c Generated_Source\PSoC4\cyPm.c -o .\CortexM0\ARM_GCC_541\Debug\cyPm.o
arm-none-eabi-gcc.exe -mcpu=cortex-m0 -mthumb -I.\Austins_Component_Drivers -I.\Austins_Component_Drivers\Goniometer -I.\Austins_Component_Drivers\Goniometer\Acceleration_Vector -I.\Austins_Component_Drivers\Goniometer\ADXL345 -I.\Austins_Component_Drivers\Goniometer\Moving_Average_Filter -I.\Austins_Component_Drivers\User_Interface -I.\Austins_Component_Drivers\User_Interface\Finite_State_Machine -I.\Austins_Component_Drivers\User_Interface\UI_Buttons -I.\Austins_Component_Drivers\Goniometer\Accelerometer -I.\Austin_Parameter -I. -IGenerated_Source\PSoC4 -Wa,-alh=.\CortexM0\ARM_GCC_541\Debug/cyutils.lst -g -D DEBUG -D CY_CORE_ID=0 -Wall -ffunction-sections -ffat-lto-objects -Os -c Generated_Source\PSoC4\cyutils.c -o .\CortexM0\ARM_GCC_541\Debug\cyutils.o
arm-none-eabi-gcc.exe -mcpu=cortex-m0 -mthumb -I.\Austins_Component_Drivers -I.\Austins_Component_Drivers\Goniometer -I.\Austins_Component_Drivers\Goniometer\Acceleration_Vector -I.\Austins_Component_Drivers\Goniometer\ADXL345 -I.\Austins_Component_Drivers\Goniometer\Moving_Average_Filter -I.\Austins_Component_Drivers\User_Interface -I.\Austins_Component_Drivers\User_Interface\Finite_State_Machine -I.\Austins_Component_Drivers\User_Interface\UI_Buttons -I.\Austins_Component_Drivers\Goniometer\Accelerometer -I.\Austin_Parameter -I. -IGenerated_Source\PSoC4 -Wa,-alh=.\CortexM0\ARM_GCC_541\Debug/CyLFClk.lst -g -D DEBUG -D CY_CORE_ID=0 -Wall -ffunction-sections -ffat-lto-objects -Os -c Generated_Source\PSoC4\CyLFClk.c -o .\CortexM0\ARM_GCC_541\Debug\CyLFClk.o
arm-none-eabi-gcc.exe -mcpu=cortex-m0 -mthumb -I.\Austins_Component_Drivers -I.\Austins_Component_Drivers\Goniometer -I.\Austins_Component_Drivers\Goniometer\Acceleration_Vector -I.\Austins_Component_Drivers\Goniometer\ADXL345 -I.\Austins_Component_Drivers\Goniometer\Moving_Average_Filter -I.\Austins_Component_Drivers\User_Interface -I.\Austins_Component_Drivers\User_Interface\Finite_State_Machine -I.\Austins_Component_Drivers\User_Interface\UI_Buttons -I.\Austins_Component_Drivers\Goniometer\Accelerometer -I.\Austin_Parameter -I. -IGenerated_Source\PSoC4 -Wa,-alh=.\CortexM0\ARM_GCC_541\Debug/Reset_Clock.lst -g -D DEBUG -D CY_CORE_ID=0 -Wall -ffunction-sections -ffat-lto-objects -Os -c Generated_Source\PSoC4\Reset_Clock.c -o .\CortexM0\ARM_GCC_541\Debug\Reset_Clock.o
arm-none-eabi-gcc.exe -mcpu=cortex-m0 -mthumb -I.\Austins_Component_Drivers -I.\Austins_Component_Drivers\Goniometer -I.\Austins_Component_Drivers\Goniometer\Acceleration_Vector -I.\Austins_Component_Drivers\Goniometer\ADXL345 -I.\Austins_Component_Drivers\Goniometer\Moving_Average_Filter -I.\Austins_Component_Drivers\User_Interface -I.\Austins_Component_Drivers\User_Interface\Finite_State_Machine -I.\Austins_Component_Drivers\User_Interface\UI_Buttons -I.\Austins_Component_Drivers\Goniometer\Accelerometer -I.\Austin_Parameter -I. -IGenerated_Source\PSoC4 -Wa,-alh=.\CortexM0\ARM_GCC_541\Debug/SW1.lst -g -D DEBUG -D CY_CORE_ID=0 -Wall -ffunction-sections -ffat-lto-objects -Os -c Generated_Source\PSoC4\SW1.c -o .\CortexM0\ARM_GCC_541\Debug\SW1.o
arm-none-eabi-gcc.exe -mcpu=cortex-m0 -mthumb -I.\Austins_Component_Drivers -I.\Austins_Component_Drivers\Goniometer -I.\Austins_Component_Drivers\Goniometer\Acceleration_Vector -I.\Austins_Component_Drivers\Goniometer\ADXL345 -I.\Austins_Component_Drivers\Goniometer\Moving_Average_Filter -I.\Austins_Component_Drivers\User_Interface -I.\Austins_Component_Drivers\User_Interface\Finite_State_Machine -I.\Austins_Component_Drivers\User_Interface\UI_Buttons -I.\Austins_Component_Drivers\Goniometer\Accelerometer -I.\Austin_Parameter -I. -IGenerated_Source\PSoC4 -Wa,-alh=.\CortexM0\ARM_GCC_541\Debug/SW1_PM.lst -g -D DEBUG -D CY_CORE_ID=0 -Wall -ffunction-sections -ffat-lto-objects -Os -c Generated_Source\PSoC4\SW1_PM.c -o .\CortexM0\ARM_GCC_541\Debug\SW1_PM.o
arm-none-eabi-gcc.exe -mcpu=cortex-m0 -mthumb -I.\Austins_Component_Drivers -I.\Austins_Component_Drivers\Goniometer -I.\Austins_Component_Drivers\Goniometer\Acceleration_Vector -I.\Austins_Component_Drivers\Goniometer\ADXL345 -I.\Austins_Component_Drivers\Goniometer\Moving_Average_Filter -I.\Austins_Component_Drivers\User_Interface -I.\Austins_Component_Drivers\User_Interface\Finite_State_Machine -I.\Austins_Component_Drivers\User_Interface\UI_Buttons -I.\Austins_Component_Drivers\Goniometer\Accelerometer -I.\Austin_Parameter -I. -IGenerated_Source\PSoC4 -Wa,-alh=.\CortexM0\ARM_GCC_541\Debug/Reset_Interrupt.lst -g -D DEBUG -D CY_CORE_ID=0 -Wall -ffunction-sections -ffat-lto-objects -Os -c Generated_Source\PSoC4\Reset_Interrupt.c -o .\CortexM0\ARM_GCC_541\Debug\Reset_Interrupt.o
arm-none-eabi-gcc.exe -mcpu=cortex-m0 -mthumb -I.\Austins_Component_Drivers -I.\Austins_Component_Drivers\Goniometer -I.\Austins_Component_Drivers\Goniometer\Acceleration_Vector -I.\Austins_Component_Drivers\Goniometer\ADXL345 -I.\Austins_Component_Drivers\Goniometer\Moving_Average_Filter -I.\Austins_Component_Drivers\User_Interface -I.\Austins_Component_Drivers\User_Interface\Finite_State_Machine -I.\Austins_Component_Drivers\User_Interface\UI_Buttons -I.\Austins_Component_Drivers\Goniometer\Accelerometer -I.\Austin_Parameter -I. -IGenerated_Source\PSoC4 -Wa,-alh=.\CortexM0\ARM_GCC_541\Debug/Reset_Timer.lst -g -D DEBUG -D CY_CORE_ID=0 -Wall -ffunction-sections -ffat-lto-objects -Os -c Generated_Source\PSoC4\Reset_Timer.c -o .\CortexM0\ARM_GCC_541\Debug\Reset_Timer.o
arm-none-eabi-gcc.exe -mcpu=cortex-m0 -mthumb -I.\Austins_Component_Drivers -I.\Austins_Component_Drivers\Goniometer -I.\Austins_Component_Drivers\Goniometer\Acceleration_Vector -I.\Austins_Component_Drivers\Goniometer\ADXL345 -I.\Austins_Component_Drivers\Goniometer\Moving_Average_Filter -I.\Austins_Component_Drivers\User_Interface -I.\Austins_Component_Drivers\User_Interface\Finite_State_Machine -I.\Austins_Component_Drivers\User_Interface\UI_Buttons -I.\Austins_Component_Drivers\Goniometer\Accelerometer -I.\Austin_Parameter -I. -IGenerated_Source\PSoC4 -Wa,-alh=.\CortexM0\ARM_GCC_541\Debug/Reset_Timer_PM.lst -g -D DEBUG -D CY_CORE_ID=0 -Wall -ffunction-sections -ffat-lto-objects -Os -c Generated_Source\PSoC4\Reset_Timer_PM.c -o .\CortexM0\ARM_GCC_541\Debug\Reset_Timer_PM.o
arm-none-eabi-gcc.exe -mcpu=cortex-m0 -mthumb -I.\Austins_Component_Drivers -I.\Austins_Component_Drivers\Goniometer -I.\Austins_Component_Drivers\Goniometer\Acceleration_Vector -I.\Austins_Component_Drivers\Goniometer\ADXL345 -I.\Austins_Component_Drivers\Goniometer\Moving_Average_Filter -I.\Austins_Component_Drivers\User_Interface -I.\Austins_Component_Drivers\User_Interface\Finite_State_Machine -I.\Austins_Component_Drivers\User_Interface\UI_Buttons -I.\Austins_Component_Drivers\Goniometer\Accelerometer -I.\Austin_Parameter -I. -IGenerated_Source\PSoC4 -Wa,-alh=.\CortexM0\ARM_GCC_541\Debug/LED1.lst -g -D DEBUG -D CY_CORE_ID=0 -Wall -ffunction-sections -ffat-lto-objects -Os -c Generated_Source\PSoC4\LED1.c -o .\CortexM0\ARM_GCC_541\Debug\LED1.o
arm-none-eabi-gcc.exe -mcpu=cortex-m0 -mthumb -I.\Austins_Component_Drivers -I.\Austins_Component_Drivers\Goniometer -I.\Austins_Component_Drivers\Goniometer\Acceleration_Vector -I.\Austins_Component_Drivers\Goniometer\ADXL345 -I.\Austins_Component_Drivers\Goniometer\Moving_Average_Filter -I.\Austins_Component_Drivers\User_Interface -I.\Austins_Component_Drivers\User_Interface\Finite_State_Machine -I.\Austins_Component_Drivers\User_Interface\UI_Buttons -I.\Austins_Component_Drivers\Goniometer\Accelerometer -I.\Austin_Parameter -I. -IGenerated_Source\PSoC4 -Wa,-alh=.\CortexM0\ARM_GCC_541\Debug/LED1_PM.lst -g -D DEBUG -D CY_CORE_ID=0 -Wall -ffunction-sections -ffat-lto-objects -Os -c Generated_Source\PSoC4\LED1_PM.c -o .\CortexM0\ARM_GCC_541\Debug\LED1_PM.o
arm-none-eabi-as.exe -mcpu=cortex-m0 -mthumb -I. -IGenerated_Source\PSoC4 -alh=.\CortexM0\ARM_GCC_541\Debug/CyBootAsmGnu.lst -g -W -o .\CortexM0\ARM_GCC_541\Debug\CyBootAsmGnu.o Generated_Source\PSoC4\CyBootAsmGnu.s
arm-none-eabi-ar.exe -rs .\CortexM0\ARM_GCC_541\Debug\SeatPM_Project.a .\CortexM0\ARM_GCC_541\Debug\Bootloadable.o .\CortexM0\ARM_GCC_541\Debug\I2C.o .\CortexM0\ARM_GCC_541\Debug\I2C_I2C_INT.o .\CortexM0\ARM_GCC_541\Debug\I2C_I2C.o .\CortexM0\ARM_GCC_541\Debug\I2C_I2C_BOOT.o .\CortexM0\ARM_GCC_541\Debug\I2C_I2C_MASTER.o .\CortexM0\ARM_GCC_541\Debug\I2C_PM.o .\CortexM0\ARM_GCC_541\Debug\I2C_BOOT.o .\CortexM0\ARM_GCC_541\Debug\PuTTY.o .\CortexM0\ARM_GCC_541\Debug\PuTTY_SPI_UART.o .\CortexM0\ARM_GCC_541\Debug\PuTTY_SPI_UART_INT.o .\CortexM0\ARM_GCC_541\Debug\PuTTY_PM.o .\CortexM0\ARM_GCC_541\Debug\PuTTY_UART.o .\CortexM0\ARM_GCC_541\Debug\PuTTY_BOOT.o .\CortexM0\ARM_GCC_541\Debug\PuTTY_UART_BOOT.o .\CortexM0\ARM_GCC_541\Debug\Button_Decrement_ISR.o .\CortexM0\ARM_GCC_541\Debug\Button_Increment_ISR.o .\CortexM0\ARM_GCC_541\Debug\Button_Back_ISR.o .\CortexM0\ARM_GCC_541\Debug\Button_Confirm_ISR.o .\CortexM0\ARM_GCC_541\Debug\Button_Decrement.o .\CortexM0\ARM_GCC_541\Debug\Button_Decrement_PM.o .\CortexM0\ARM_GCC_541\Debug\Button_Increment.o .\CortexM0\ARM_GCC_541\Debug\Button_Increment_PM.o .\CortexM0\ARM_GCC_541\Debug\Button_Back.o .\CortexM0\ARM_GCC_541\Debug\Button_Back_PM.o .\CortexM0\ARM_GCC_541\Debug\Button_Confirm.o .\CortexM0\ARM_GCC_541\Debug\Button_Confirm_PM.o .\CortexM0\ARM_GCC_541\Debug\Screen.o .\CortexM0\ARM_GCC_541\Debug\Screen_PM.o .\CortexM0\ARM_GCC_541\Debug\Clock_100Hz.o .\CortexM0\ARM_GCC_541\Debug\I2C_SCBCLK.o .\CortexM0\ARM_GCC_541\Debug\I2C_sda.o .\CortexM0\ARM_GCC_541\Debug\I2C_sda_PM.o .\CortexM0\ARM_GCC_541\Debug\I2C_scl.o .\CortexM0\ARM_GCC_541\Debug\I2C_scl_PM.o .\CortexM0\ARM_GCC_541\Debug\I2C_SCB_IRQ.o .\CortexM0\ARM_GCC_541\Debug\PuTTY_SCBCLK.o .\CortexM0\ARM_GCC_541\Debug\PuTTY_tx.o .\CortexM0\ARM_GCC_541\Debug\PuTTY_tx_PM.o .\CortexM0\ARM_GCC_541\Debug\PuTTY_SCB_IRQ.o .\CortexM0\ARM_GCC_541\Debug\Screen_LCDPort.o .\CortexM0\ARM_GCC_541\Debug\Screen_LCDPort_PM.o .\CortexM0\ARM_GCC_541\Debug\cy_em_eeprom.o .\CortexM0\ARM_GCC_541\Debug\CyFlash.o .\CortexM0\ARM_GCC_541\Debug\CyLib.o .\CortexM0\ARM_GCC_541\Debug\cyPm.o .\CortexM0\ARM_GCC_541\Debug\cyutils.o .\CortexM0\ARM_GCC_541\Debug\CyLFClk.o .\CortexM0\ARM_GCC_541\Debug\Reset_Clock.o .\CortexM0\ARM_GCC_541\Debug\SW1.o .\CortexM0\ARM_GCC_541\Debug\SW1_PM.o .\CortexM0\ARM_GCC_541\Debug\Reset_Interrupt.o .\CortexM0\ARM_GCC_541\Debug\Reset_Timer.o .\CortexM0\ARM_GCC_541\Debug\Reset_Timer_PM.o .\CortexM0\ARM_GCC_541\Debug\LED1.o .\CortexM0\ARM_GCC_541\Debug\LED1_PM.o .\CortexM0\ARM_GCC_541\Debug\CyBootAsmGnu.o
arm-none-eabi-ar.exe: creating .\CortexM0\ARM_GCC_541\Debug\SeatPM_Project.a
arm-none-eabi-gcc.exe -Wl,--start-group -o C:\Users\austi\Desktop\SeatPM\SeatPM_Workspace_Folder\SeatPM_Project.cydsn\CortexM0\ARM_GCC_541\Debug\SeatPM_Project.elf .\CortexM0\ARM_GCC_541\Debug\main.o .\CortexM0\ARM_GCC_541\Debug\adxl345_driver.o .\CortexM0\ARM_GCC_541\Debug\moving_average_filter.o .\CortexM0\ARM_GCC_541\Debug\acceleration_vector.o .\CortexM0\ARM_GCC_541\Debug\accelerometer_driver.o .\CortexM0\ARM_GCC_541\Debug\goniometer_driver.o .\CortexM0\ARM_GCC_541\Debug\user_interface_buttons.o .\CortexM0\ARM_GCC_541\Debug\user_interface_fsm.o .\CortexM0\ARM_GCC_541\Debug\austin_parameter.o .\CortexM0\ARM_GCC_541\Debug\cyfitter_cfg.o .\CortexM0\ARM_GCC_541\Debug\cybootloader.o .\CortexM0\ARM_GCC_541\Debug\cymetadata.o .\CortexM0\ARM_GCC_541\Debug\Cm0Start.o .\CortexM0\ARM_GCC_541\Debug\SeatPM_Project.a -mcpu=cortex-m0 -mthumb -l m -L Generated_Source\PSoC4 -Wl,-Map,.\CortexM0\ARM_GCC_541\Debug/SeatPM_Project.map -T Generated_Source\PSoC4\cm0gcc.ld -specs=nano.specs -u _printf_float -Wl,--gc-sections -g -ffunction-sections -Os -ffat-lto-objects -Wl,--end-group
cyelftool.exe -B C:\Users\austi\Desktop\SeatPM\SeatPM_Workspace_Folder\SeatPM_Project.cydsn\CortexM0\ARM_GCC_541\Debug\SeatPM_Project.elf --flash_row_size 128 --flash_size 32768 --flash_offset 0x00000000 --flash_array_size 32768
No ELF section .cychecksum found, creating one
Application checksum calculated and stored in ELF section .cychecksum
Checksum calculated and stored in ELF section .cymeta
cyelftool.exe -S C:\Users\austi\Desktop\SeatPM\SeatPM_Workspace_Folder\SeatPM_Project.cydsn\CortexM0\ARM_GCC_541\Debug\SeatPM_Project.elf
Flash used: 25228 of 32768 bytes (77.0%). Bootloader: 4992 bytes. Application: 20108 bytes. Metadata: 128 bytes.
SRAM used: 1796 of 4096 bytes (43.8%). Stack: 1024 bytes. Heap: 256 bytes.
--------------- Rebuild Succeeded: 05/29/2020 09:26:27 ---------------
